mode: set
employeedb/employee/employee.go:30.40,34.2 1 1
employeedb/employee/employee.go:37.64,38.42 1 1
employeedb/employee/employee.go:38.42,40.3 1 1
employeedb/employee/employee.go:41.2,42.12 2 1
employeedb/employee/employee.go:46.70,49.2 2 1
employeedb/employee/employee.go:52.63,54.9 2 1
employeedb/employee/employee.go:54.9,56.3 1 1
employeedb/employee/employee.go:57.2,58.13 2 1
employeedb/employee/employee.go:62.57,64.9 2 1
employeedb/employee/employee.go:64.9,66.3 1 1
employeedb/employee/employee.go:67.2,68.13 2 1
employeedb/employee/employee.go:72.56,74.38 2 1
employeedb/employee/employee.go:74.38,76.3 1 1
employeedb/employee/employee.go:77.2,77.18 1 1
employeedb/utils/http.go:30.77,34.2 1 1
employeedb/utils/http.go:37.102,40.54 2 1
employeedb/utils/http.go:40.54,41.19 1 1
employeedb/utils/http.go:42.23,44.18 2 1
employeedb/utils/http.go:44.18,48.5 3 1
employeedb/utils/http.go:49.4,50.66 2 0
employeedb/utils/http.go:50.66,53.5 2 0
employeedb/utils/http.go:54.4,54.40 1 0
employeedb/utils/http.go:55.24,56.35 1 0
employeedb/utils/http.go:57.23,58.40 1 0
employeedb/utils/http.go:59.26,60.42 1 0
employeedb/utils/http.go:61.11,62.68 1 0
employeedb/utils/http.go:68.106,69.54 1 0
employeedb/utils/http.go:69.54,70.19 1 0
employeedb/utils/http.go:71.23,72.44 1 0
employeedb/utils/http.go:73.11,74.68 1 0
employeedb/utils/http.go:95.95,97.61 2 1
employeedb/utils/http.go:97.61,100.3 2 0
employeedb/utils/http.go:101.2,101.53 1 1
employeedb/utils/http.go:101.53,104.3 2 0
employeedb/utils/http.go:105.2,106.32 2 1
employeedb/utils/http.go:110.124,112.61 2 1
employeedb/utils/http.go:112.61,115.3 2 0
employeedb/utils/http.go:116.2,116.32 1 1
employeedb/utils/http.go:116.32,119.3 2 0
employeedb/utils/http.go:120.2,121.32 2 1
employeedb/utils/http.go:125.126,128.17 3 1
employeedb/utils/http.go:128.17,131.17 3 1
employeedb/utils/http.go:131.17,134.4 2 0
employeedb/utils/http.go:135.8,139.72 2 0
employeedb/utils/http.go:139.72,142.4 2 0
employeedb/utils/http.go:143.3,143.24 1 0
employeedb/utils/http.go:146.2,146.31 1 1
employeedb/utils/http.go:146.31,149.3 2 0
employeedb/utils/http.go:150.2,150.30 1 1
employeedb/utils/http.go:154.114,158.16 3 1
employeedb/utils/http.go:158.16,161.3 2 0
employeedb/utils/http.go:163.2,165.19 2 1
